<?xml version="1.0" encoding="UTF-8"?>
<!-- Generated by org.testng.reporters.JUnitReportReporter -->
<testsuite hostname="MA" failures="0" tests="3" name="ApiAutomation.RestAssuredAuth" time="3.658" errors="0" timestamp="2022-08-15T20:18:35 IST" skipped="0">
  <testcase classname="ApiAutomation.RestAssuredAuth" name="authTestResponseCode" time="3.223"/>
  <system-out/>
  <testcase classname="ApiAutomation.RestAssuredAuth" name="authTestResponseBody" time="0.323"/>
  <system-out/>
  <testcase classname="ApiAutomation.RestAssuredAuth" name="authTestResponseTime" time="0.112"/>
  <system-out/>
</testsuite> <!-- ApiAutomation.RestAssuredAuth -->
